<?xml version="1.0" encoding="UTF-8"?>
<testng-results skipped="0" failed="0" ignored="0" total="1" passed="1">
  <reporter-output>
  </reporter-output>
  <suite name="Default suite" duration-ms="42" started-at="2017-09-16T15:24:21Z" finished-at="2017-09-16T15:24:21Z">
    <groups>
    </groups>
    <test name="Default test" duration-ms="42" started-at="2017-09-16T15:24:21Z" finished-at="2017-09-16T15:24:21Z">
      <class name="modules.BMITest">
        <test-method status="PASS" signature="test()[pri:0, instance:modules.BMITest@27efef64]" name="test" duration-ms="11" started-at="2017-09-16T22:24:21Z" finished-at="2017-09-16T22:24:21Z">
          <reporter-output>
          </reporter-output>
        </test-method> <!-- test -->
      </class> <!-- modules.BMITest -->
    </test> <!-- Default test -->
  </suite> <!-- Default suite -->
</testng-results>
